<?xml version="1.0" encoding="UTF-8"?>
<!-- Generated by org.testng.reporters.JUnitReportReporter -->
<testsuite hostname="PUNITP352016D" failures="0" tests="1" name="RestAssuredAPITesting.RestAssuredAPITesting.TC002_POST_Request" time="1.166" errors="0" timestamp="2020-10-18T20:40:51 IST" skipped="0">
  <testcase classname="RestAssuredAPITesting.RestAssuredAPITesting.TC002_POST_Request" name="RegistrationSuccessful" time="1.166"/>
  <system-out/>
</testsuite> <!-- RestAssuredAPITesting.RestAssuredAPITesting.TC002_POST_Request -->
