<?xml version="1.0" encoding="UTF-8"?>
<!-- Generated by org.testng.reporters.JUnitReportReporter -->
<testsuite hostname="PUNITP352016D" failures="0" tests="1" name="RestAssuredAPITesting.RestAssuredAPITesting.TC001_GET_Request" time="3.435" errors="0" timestamp="2020-10-18T20:40:51 IST" skipped="0">
  <testcase classname="RestAssuredAPITesting.RestAssuredAPITesting.TC001_GET_Request" name="getweatherDetails" time="3.435"/>
  <system-out/>
</testsuite> <!-- RestAssuredAPITesting.RestAssuredAPITesting.TC001_GET_Request -->
