<?xml version="1.0" encoding="UTF-8"?>
<!-- Generated by org.testng.reporters.JUnitReportReporter -->
<testsuite hostname="PUNITP352016D" failures="0" tests="4" name="RestAssuredAPITesting.RestAssuredAPITesting.TC005_GET_FrameworkAutomation" time="0.016" errors="0" timestamp="2020-10-18T20:40:51 IST" skipped="0">
  <testcase classname="RestAssuredAPITesting.RestAssuredAPITesting.TC005_GET_FrameworkAutomation" name="contentencodingvalidtion" time="0.000"/>
  <system-out/>
  <testcase classname="RestAssuredAPITesting.RestAssuredAPITesting.TC005_GET_FrameworkAutomation" name="responsetimevalidation" time="0.000"/>
  <system-out/>
  <testcase classname="RestAssuredAPITesting.RestAssuredAPITesting.TC005_GET_FrameworkAutomation" name="responsebodyvalidation" time="0.016"/>
  <system-out/>
  <testcase classname="RestAssuredAPITesting.RestAssuredAPITesting.TC005_GET_FrameworkAutomation" name="statuscodevalidation" time="0.000"/>
  <system-out/>
</testsuite> <!-- RestAssuredAPITesting.RestAssuredAPITesting.TC005_GET_FrameworkAutomation -->
