<?xml version="1.0" encoding="UTF-8"?>
<!-- Generated by org.testng.reporters.JUnitReportReporter -->
<testsuite hostname="PUNITP352016D" failures="0" tests="3" name="DataDrivenTesting.TC005_POST_DDT" time="5.875" errors="0" timestamp="2020-10-17T20:11:35 IST" skipped="0">
  <testcase classname="DataDrivenTesting.TC005_POST_DDT" name="postnewddt" time="1.234"/>
  <system-out/>
  <testcase classname="DataDrivenTesting.TC005_POST_DDT" name="postnewddt" time="1.295"/>
  <system-out/>
  <testcase classname="DataDrivenTesting.TC005_POST_DDT" name="postnewddt" time="3.346"/>
  <system-out/>
</testsuite> <!-- DataDrivenTesting.TC005_POST_DDT -->
