<?xml version="1.0" encoding="UTF-8"?>
<!-- Generated by org.testng.reporters.JUnitReportReporter -->
<testsuite hostname="PUNITP352016D" failures="0" tests="2" name="RestAssuredAPITesting.RestAssuredAPITesting.TC007_POST_CreateEmployeeRecord" time="0.000" errors="0" timestamp="2020-10-18T21:43:55 IST" skipped="0">
  <testcase classname="RestAssuredAPITesting.RestAssuredAPITesting.TC007_POST_CreateEmployeeRecord" name="responsebodyvalidtion" time="0.000"/>
  <system-out/>
  <testcase classname="RestAssuredAPITesting.RestAssuredAPITesting.TC007_POST_CreateEmployeeRecord" name="getstatusline" time="0.000"/>
  <system-out/>
</testsuite> <!-- RestAssuredAPITesting.RestAssuredAPITesting.TC007_POST_CreateEmployeeRecord -->
