<?xml version="1.0" encoding="UTF-8"?>
<!-- Generated by org.testng.reporters.JUnitReportReporter -->
<testsuite hostname="PUNITP352016D" failures="0" tests="5" name="RestAssuredAPITesting.RestAssuredAPITesting.TC006_GET_EmployeeRecord" time="0.016" errors="0" timestamp="2020-10-18T21:43:55 IST" skipped="0">
  <testcase classname="RestAssuredAPITesting.RestAssuredAPITesting.TC006_GET_EmployeeRecord" name="getserver" time="0.000"/>
  <system-out/>
  <testcase classname="RestAssuredAPITesting.RestAssuredAPITesting.TC006_GET_EmployeeRecord" name="responsebodyvalidtion" time="0.016"/>
  <system-out/>
  <testcase classname="RestAssuredAPITesting.RestAssuredAPITesting.TC006_GET_EmployeeRecord" name="contenttype" time="0.000"/>
  <system-out/>
  <testcase classname="RestAssuredAPITesting.RestAssuredAPITesting.TC006_GET_EmployeeRecord" name="responsetime" time="0.000"/>
  <system-out/>
  <testcase classname="RestAssuredAPITesting.RestAssuredAPITesting.TC006_GET_EmployeeRecord" name="contentlenght" time="0.000"/>
  <system-out/>
</testsuite> <!-- RestAssuredAPITesting.RestAssuredAPITesting.TC006_GET_EmployeeRecord -->
